#
# There is insufficient memory for the Java Runtime Environment to continue.
# Native memory allocation (malloc) failed to allocate 608656 bytes for Chunk::new
# Possible reasons:
#   The system is out of physical RAM or swap space
#   In 32 bit mode, the process size limit was hit
# Possible solutions:
#   Reduce memory load on the system
#   Increase physical memory or swap space
#   Check if swap backing store is full
#   Use 64 bit Java on a 64 bit OS
#   Decrease Java heap size (-Xmx/-Xms)
#   Decrease number of Java threads
#   Decrease Java thread stack sizes (-Xss)
#   Set larger code cache with -XX:ReservedCodeCacheSize=
# This output file may be truncated or incomplete.
#
#  Out of Memory Error (allocation.cpp:390), pid=3344, tid=0x0000000000003ef4
#
# JRE version: OpenJDK Runtime Environment (8.0_112-b06) (build 1.8.0_112-release-b06)
# Java VM: OpenJDK 64-Bit Server VM (25.112-b06 mixed mode windows-amd64 compressed oops)
# Failed to write core dump. Minidumps are not enabled by default on client versions of Windows
#

---------------  T H R E A D  ---------------

Current thread (0x000000001662f000):  JavaThread "C2 CompilerThread1" daemon [_thread_in_native, id=16116, stack(0x0000000017da0000,0x0000000017ea0000)]

Stack: [0x0000000017da0000,0x0000000017ea0000]
[error occurred during error reporting (printing stack bounds), id 0xc0000005]

Native frames: (J=compiled Java code, j=interpreted, Vv=VM code, C=native code)


Current CompileTask:
C2:  14162 3276   !   4       java.net.URLClassLoader$1::run (63 bytes)


---------------  P R O C E S S  ---------------

Java Threads: ( => current thread )
  0x000000001a578800 JavaThread "File lock request listener" [_thread_in_native, id=18936, stack(0x000000001d6a0000,0x000000001d7a0000)]
  0x00000000198f6800 JavaThread "Stdin handler" [_thread_blocked, id=17356, stack(0x000000001bfd0000,0x000000001c0d0000)]
  0x0000000019913800 JavaThread "Asynchronous log dispatcher for DefaultDaemonConnection: socket connection from /127.0.0.1:64754 to /127.0.0.1:64757" [_thread_blocked, id=10204, stack(0x000000001bed0000,0x000000001bfd0000)]
  0x0000000019901800 JavaThread "Daemon worker" [_thread_in_Java, id=10044, stack(0x000000001bdd0000,0x000000001bed0000)]
  0x0000000019901000 JavaThread "pool-1-thread-1" [_thread_blocked, id=4004, stack(0x000000001bcd0000,0x000000001bdd0000)]
  0x000000001990d800 JavaThread "Cancel handler" [_thread_blocked, id=11716, stack(0x000000001bbd0000,0x000000001bcd0000)]
  0x0000000019837000 JavaThread "Handler for socket connection from /127.0.0.1:64754 to /127.0.0.1:64757" [_thread_in_native, id=6740, stack(0x000000001bad0000,0x000000001bbd0000)]
  0x0000000019836800 JavaThread "Daemon" [_thread_blocked, id=11884, stack(0x000000001ae70000,0x000000001af70000)]
  0x000000001956a000 JavaThread "Incoming local TCP Connector on port 64754" [_thread_in_native, id=16624, stack(0x0000000019d70000,0x0000000019e70000)]
  0x0000000017fc8800 JavaThread "Service Thread" daemon [_thread_blocked, id=13160, stack(0x00000000183a0000,0x00000000184a0000)]
  0x0000000016633000 JavaThread "C1 CompilerThread2" daemon [_thread_in_vm, id=1244, stack(0x0000000017ea0000,0x0000000017fa0000)]
=>0x000000001662f000 JavaThread "C2 CompilerThread1" daemon [_thread_in_native, id=16116, stack(0x0000000017da0000,0x0000000017ea0000)]
  0x000000001662d000 JavaThread "C2 CompilerThread0" daemon [_thread_in_native, id=10660, stack(0x0000000017ca0000,0x0000000017da0000)]
  0x000000001662a800 JavaThread "Attach Listener" daemon [_thread_blocked, id=7536, stack(0x0000000017ba0000,0x0000000017ca0000)]
  0x0000000016629000 JavaThread "Signal Dispatcher" daemon [_thread_blocked, id=2904, stack(0x0000000017aa0000,0x0000000017ba0000)]
  0x0000000002cbb000 JavaThread "Finalizer" daemon [_thread_blocked, id=12260, stack(0x00000000178a0000,0x00000000179a0000)]
  0x0000000002cb0000 JavaThread "Reference Handler" daemon [_thread_blocked, id=1260, stack(0x00000000177a0000,0x00000000178a0000)]
  0x0000000002bc0800 JavaThread "main" [_thread_blocked, id=8692, stack(0x00000000029e0000,0x0000000002ae0000)]

Other Threads:
  0x00000000165f5800 VMThread [stack: 0x00000000176a0000,0x00000000177a0000] [id=19272]
  0x000000001668d800 WatcherThread [stack: 0x00000000184a0000,0x00000000185a0000] [id=8852]

VM state:not at safepoint (normal execution)

VM Mutex/Monitor currently owned by a thread: None

Heap:
 PSYoungGen      total 99328K, used 52284K [0x00000000e0000000, 0x00000000e6c80000, 0x0000000100000000)
  eden space 91648K, 50% used [0x00000000e0000000,0x00000000e2d4c700,0x00000000e5980000)
  from space 7680K, 76% used [0x00000000e6500000,0x00000000e6ac2a50,0x00000000e6c80000)
  to   space 9728K, 0% used [0x00000000e5980000,0x00000000e5980000,0x00000000e6300000)
 ParOldGen       total 36864K, used 9213K [0x00000000a0000000, 0x00000000a2400000, 0x00000000e0000000)
  object space 36864K, 24% used [0x00000000a0000000,0x00000000a08ff6e0,0x00000000a2400000)
 Metaspace       used 33807K, capacity 34322K, committed 34688K, reserved 1079296K
  class space    used 4529K, capacity 4685K, committed 4736K, reserved 1048576K

Card table byte_map: [0x0000000012080000,0x0000000012390000] byte_map_base: 0x0000000011b80000

Marking Bits: (ParMarkBitMap*) 0x0000000077f818f0
 Begin Bits: [0x0000000012990000, 0x0000000014190000)
 End Bits:   [0x0000000014190000, 0x0000000015990000)

Polling page: 0x00000000009f0000

CodeCache: size=245760Kb used=13186Kb max_used=13186Kb free=232573Kb
 bounds [0x0000000002cc0000, 0x00000000039b0000, 0x0000000011cc0000]
 total_blobs=4011 nmethods=3310 adapters=613
 compilation: enabled

Compilation events (10 events):
Event: 14.155 Thread 0x0000000016633000 3356       3       java.util.EnumMap::unmaskNull (13 bytes)
Event: 14.155 Thread 0x0000000016633000 nmethod 3356 0x00000000039a6cd0 code [0x00000000039a6e20, 0x00000000039a6fd0]
Event: 14.155 Thread 0x0000000016633000 3355       3       java.lang.reflect.WeakCache$CacheKey::equals (46 bytes)
Event: 14.156 Thread 0x0000000016633000 nmethod 3355 0x00000000039a7050 code [0x00000000039a71c0, 0x00000000039a77b0]
Event: 14.156 Thread 0x0000000016633000 3358       3       java.util.regex.Matcher::start (22 bytes)
Event: 14.156 Thread 0x0000000016633000 nmethod 3358 0x00000000039a7890 code [0x00000000039a7a00, 0x00000000039a7c68]
Event: 14.156 Thread 0x0000000016633000 3359       3       java.lang.StringBuilder::append (8 bytes)
Event: 14.156 Thread 0x0000000016633000 nmethod 3359 0x00000000039a7d50 code [0x00000000039a7ec0, 0x00000000039a8048]
Event: 14.156 Thread 0x0000000016633000 3360       3       java.lang.StringBuilder::append (6 bytes)
Event: 14.156 Thread 0x0000000016633000 nmethod 3360 0x00000000039a80d0 code [0x00000000039a8240, 0x00000000039a84a8]

GC Heap History (10 events):
Event: 3.343 GC heap before
{Heap before GC invocations=5 (full 0):
 PSYoungGen      total 34304K, used 34288K [0x00000000e0000000, 0x00000000e2400000, 0x0000000100000000)
  eden space 31744K, 100% used [0x00000000e0000000,0x00000000e1f00000,0x00000000e1f00000)
  from space 2560K, 99% used [0x00000000e2180000,0x00000000e23fc030,0x00000000e2400000)
  to   space 2560K, 0% used [0x00000000e1f00000,0x00000000e1f00000,0x00000000e2180000)
 ParOldGen       total 42496K, used 3826K [0x00000000a0000000, 0x00000000a2980000, 0x00000000e0000000)
  object space 42496K, 9% used [0x00000000a0000000,0x00000000a03bcb10,0x00000000a2980000)
 Metaspace       used 16275K, capacity 16620K, committed 16768K, reserved 1062912K
  class space    used 2264K, capacity 2353K, committed 2432K, reserved 1048576K
Event: 3.358 GC heap after
Heap after GC invocations=5 (full 0):
 PSYoungGen      total 34304K, used 2544K [0x00000000e0000000, 0x00000000e4c00000, 0x0000000100000000)
  eden space 31744K, 0% used [0x00000000e0000000,0x00000000e0000000,0x00000000e1f00000)
  from space 2560K, 99% used [0x00000000e1f00000,0x00000000e217c010,0x00000000e2180000)
  to   space 7168K, 0% used [0x00000000e4500000,0x00000000e4500000,0x00000000e4c00000)
 ParOldGen       total 42496K, used 7962K [0x00000000a0000000, 0x00000000a2980000, 0x00000000e0000000)
  object space 42496K, 18% used [0x00000000a0000000,0x00000000a07c69a8,0x00000000a2980000)
 Metaspace       used 16275K, capacity 16620K, committed 16768K, reserved 1062912K
  class space    used 2264K, capacity 2353K, committed 2432K, reserved 1048576K
}
Event: 4.882 GC heap before
{Heap before GC invocations=6 (full 0):
 PSYoungGen      total 34304K, used 25588K [0x00000000e0000000, 0x00000000e4c00000, 0x0000000100000000)
  eden space 31744K, 72% used [0x00000000e0000000,0x00000000e1681380,0x00000000e1f00000)
  from space 2560K, 99% used [0x00000000e1f00000,0x00000000e217c010,0x00000000e2180000)
  to   space 7168K, 0% used [0x00000000e4500000,0x00000000e4500000,0x00000000e4c00000)
 ParOldGen       total 42496K, used 7962K [0x00000000a0000000, 0x00000000a2980000, 0x00000000e0000000)
  object space 42496K, 18% used [0x00000000a0000000,0x00000000a07c69a8,0x00000000a2980000)
 Metaspace       used 20786K, capacity 21112K, committed 21296K, reserved 1067008K
  class space    used 2754K, capacity 2869K, committed 2944K, reserved 1048576K
Event: 4.904 GC heap after
Heap after GC invocations=6 (full 0):
 PSYoungGen      total 69120K, used 7157K [0x00000000e0000000, 0x00000000e4f00000, 0x0000000100000000)
  eden space 61952K, 0% used [0x00000000e0000000,0x00000000e0000000,0x00000000e3c80000)
  from space 7168K, 99% used [0x00000000e4500000,0x00000000e4bfd520,0x00000000e4c00000)
  to   space 8704K, 0% used [0x00000000e3c80000,0x00000000e3c80000,0x00000000e4500000)
 ParOldGen       total 42496K, used 8365K [0x00000000a0000000, 0x00000000a2980000, 0x00000000e0000000)
  object space 42496K, 19% used [0x00000000a0000000,0x00000000a082b6d8,0x00000000a2980000)
 Metaspace       used 20786K, capacity 21112K, committed 21296K, reserved 1067008K
  class space    used 2754K, capacity 2869K, committed 2944K, reserved 1048576K
}
Event: 4.904 GC heap before
{Heap before GC invocations=7 (full 1):
 PSYoungGen      total 69120K, used 7157K [0x00000000e0000000, 0x00000000e4f00000, 0x0000000100000000)
  eden space 61952K, 0% used [0x00000000e0000000,0x00000000e0000000,0x00000000e3c80000)
  from space 7168K, 99% used [0x00000000e4500000,0x00000000e4bfd520,0x00000000e4c00000)
  to   space 8704K, 0% used [0x00000000e3c80000,0x00000000e3c80000,0x00000000e4500000)
 ParOldGen       total 42496K, used 8365K [0x00000000a0000000, 0x00000000a2980000, 0x00000000e0000000)
  object space 42496K, 19% used [0x00000000a0000000,0x00000000a082b6d8,0x00000000a2980000)
 Metaspace       used 20786K, capacity 21112K, committed 21296K, reserved 1067008K
  class space    used 2754K, capacity 2869K, committed 2944K, reserved 1048576K
Event: 4.957 GC heap after
Heap after GC invocations=7 (full 1):
 PSYoungGen      total 69120K, used 0K [0x00000000e0000000, 0x00000000e4f00000, 0x0000000100000000)
  eden space 61952K, 0% used [0x00000000e0000000,0x00000000e0000000,0x00000000e3c80000)
  from space 7168K, 0% used [0x00000000e4500000,0x00000000e4500000,0x00000000e4c00000)
  to   space 8704K, 0% used [0x00000000e3c80000,0x00000000e3c80000,0x00000000e4500000)
 ParOldGen       total 36864K, used 9197K [0x00000000a0000000, 0x00000000a2400000, 0x00000000e0000000)
  object space 36864K, 24% used [0x00000000a0000000,0x00000000a08fb6e0,0x00000000a2400000)
 Metaspace       used 20786K, capacity 21112K, committed 21296K, reserved 1067008K
  class space    used 2754K, capacity 2869K, committed 2944K, reserved 1048576K
}
Event: 7.000 GC heap before
{Heap before GC invocations=8 (full 1):
 PSYoungGen      total 69120K, used 61952K [0x00000000e0000000, 0x00000000e4f00000, 0x0000000100000000)
  eden space 61952K, 100% used [0x00000000e0000000,0x00000000e3c80000,0x00000000e3c80000)
  from space 7168K, 0% used [0x00000000e4500000,0x00000000e4500000,0x00000000e4c00000)
  to   space 8704K, 0% used [0x00000000e3c80000,0x00000000e3c80000,0x00000000e4500000)
 ParOldGen       total 36864K, used 9197K [0x00000000a0000000, 0x00000000a2400000, 0x00000000e0000000)
  object space 36864K, 24% used [0x00000000a0000000,0x00000000a08fb6e0,0x00000000a2400000)
 Metaspace       used 25817K, capacity 26284K, committed 26496K, reserved 1073152K
  class space    used 3539K, capacity 3665K, committed 3712K, reserved 1048576K
Event: 7.011 GC heap after
Heap after GC invocations=8 (full 1):
 PSYoungGen      total 70656K, used 7657K [0x00000000e0000000, 0x00000000e6e80000, 0x0000000100000000)
  eden space 61952K, 0% used [0x00000000e0000000,0x00000000e0000000,0x00000000e3c80000)
  from space 8704K, 87% used [0x00000000e3c80000,0x00000000e43fa688,0x00000000e4500000)
  to   space 9728K, 0% used [0x00000000e6500000,0x00000000e6500000,0x00000000e6e80000)
 ParOldGen       total 36864K, used 9205K [0x00000000a0000000, 0x00000000a2400000, 0x00000000e0000000)
  object space 36864K, 24% used [0x00000000a0000000,0x00000000a08fd6e0,0x00000000a2400000)
 Metaspace       used 25817K, capacity 26284K, committed 26496K, reserved 1073152K
  class space    used 3539K, capacity 3665K, committed 3712K, reserved 1048576K
}
Event: 8.706 GC heap before
{Heap before GC invocations=9 (full 1):
 PSYoungGen      total 70656K, used 69609K [0x00000000e0000000, 0x00000000e6e80000, 0x0000000100000000)
  eden space 61952K, 100% used [0x00000000e0000000,0x00000000e3c80000,0x00000000e3c80000)
  from space 8704K, 87% used [0x00000000e3c80000,0x00000000e43fa688,0x00000000e4500000)
  to   space 9728K, 0% used [0x00000000e6500000,0x00000000e6500000,0x00000000e6e80000)
 ParOldGen       total 36864K, used 9205K [0x00000000a0000000, 0x00000000a2400000, 0x00000000e0000000)
  object space 36864K, 24% used [0x00000000a0000000,0x00000000a08fd6e0,0x00000000a2400000)
 Metaspace       used 28963K, capacity 29356K, committed 29696K, reserved 1075200K
  class space    used 3913K, capacity 4049K, committed 4096K, reserved 1048576K
Event: 8.717 GC heap after
Heap after GC invocations=9 (full 1):
 PSYoungGen      total 99328K, used 5898K [0x00000000e0000000, 0x00000000e6c80000, 0x0000000100000000)
  eden space 91648K, 0% used [0x00000000e0000000,0x00000000e0000000,0x00000000e5980000)
  from space 7680K, 76% used [0x00000000e6500000,0x00000000e6ac2a50,0x00000000e6c80000)
  to   space 9728K, 0% used [0x00000000e5980000,0x00000000e5980000,0x00000000e6300000)
 ParOldGen       total 36864K, used 9213K [0x00000000a0000000, 0x00000000a2400000, 0x00000000e0000000)
  object space 36864K, 24% used [0x00000000a0000000,0x00000000a08ff6e0,0x00000000a2400000)
 Metaspace       used 28963K, capacity 29356K, committed 29696K, reserved 1075200K
  class space    used 3913K, capacity 4049K, committed 4096K, reserved 1048576K
}

Deoptimization events (10 events):
Event: 8.129 Thread 0x0000000019901800 Uncommon trap: reason=unstable_if action=reinterpret pc=0x000000000371a398 method=com.sun.org.apache.xerces.internal.impl.XMLEntityScanner.scanData(Ljava/lang/String;Lcom/sun/org/apache/xerces/internal/util/XMLStringBuffer;)Z @ 888
Event: 8.168 Thread 0x0000000019901800 Uncommon trap: reason=unstable_if action=reinterpret pc=0x0000000003692430 method=com.sun.org.apache.xerces.internal.impl.XMLEntityScanner.scanName()Ljava/lang/String; @ 205
Event: 8.315 Thread 0x0000000019901800 Uncommon trap: reason=unstable_if action=reinterpret pc=0x0000000003659970 method=com.sun.org.apache.xerces.internal.impl.io.UTF8Reader.read([CII)I @ 131
Event: 8.570 Thread 0x0000000019901800 Uncommon trap: reason=unstable_if action=reinterpret pc=0x00000000037c24c4 method=com.sun.org.apache.xerces.internal.impl.XMLEntityScanner.scanName()Ljava/lang/String; @ 69
Event: 8.630 Thread 0x0000000019901800 Uncommon trap: reason=unstable_if action=reinterpret pc=0x0000000003794a9c method=com.sun.org.apache.xerces.internal.impl.XMLDocumentFragmentScannerImpl$FragmentContentDriver.next()I @ 815
Event: 12.493 Thread 0x0000000019901800 Uncommon trap: reason=unstable_if action=reinterpret pc=0x00000000034fed00 method=org.codehaus.groovy.reflection.CachedMethod.compareToMethod(Ljava/lang/reflect/Method;)I @ 111
Event: 12.868 Thread 0x0000000019901800 Uncommon trap: reason=unstable_if action=reinterpret pc=0x0000000003605fd0 method=java.lang.Integer.valueOf(I)Ljava/lang/Integer; @ 3
Event: 13.583 Thread 0x0000000019901800 Uncommon trap: reason=bimorphic action=maybe_recompile pc=0x0000000002dd6c30 method=java.security.MessageDigest$Delegate.engineUpdate([BII)V @ 7
Event: 13.583 Thread 0x0000000019901800 Uncommon trap: reason=bimorphic action=maybe_recompile pc=0x0000000002dd6c30 method=java.security.MessageDigest$Delegate.engineUpdate([BII)V @ 7
Event: 13.583 Thread 0x0000000019901800 Uncommon trap: reason=bimorphic action=maybe_recompile pc=0x0000000002de4280 method=sun.security.provider.DigestBase.engineUpdate([BII)V @ 128

Internal exceptions (10 events):
Event: 12.537 Thread 0x0000000019901800 Exception <a 'java/lang/ClassNotFoundException': org/gradle/api/internal/file/FileOperationsBeanInfo> (0x00000000e0db1d40) thrown at [C:\src\android\AOSP-openjdk\external\jetbrains\jdk\hotspot\src\share\vm\classfile\systemDictionary.cpp, line 210]
Event: 12.542 Thread 0x0000000019901800 Exception <a 'java/lang/ClassNotFoundException': org/gradle/api/internal/file/FileOperationsCustomizer> (0x00000000e0dda010) thrown at [C:\src\android\AOSP-openjdk\external\jetbrains\jdk\hotspot\src\share\vm\classfile\systemDictionary.cpp, line 210]
Event: 12.545 Thread 0x0000000019901800 Exception <a 'java/lang/ClassNotFoundException': org/gradle/api/internal/ProcessOperationsBeanInfo> (0x00000000e0e1d730) thrown at [C:\src\android\AOSP-openjdk\external\jetbrains\jdk\hotspot\src\share\vm\classfile\systemDictionary.cpp, line 210]
Event: 12.546 Thread 0x0000000019901800 Exception <a 'java/lang/ClassNotFoundException': org/gradle/api/internal/ProcessOperationsCustomizer> (0x00000000e0e44f80) thrown at [C:\src\android\AOSP-openjdk\external\jetbrains\jdk\hotspot\src\share\vm\classfile\systemDictionary.cpp, line 210]
Event: 12.708 Thread 0x0000000019901800 Exception <a 'java/lang/ClassNotFoundException': build_ed20526t7ogs8btyzi5p8j6pbBeanInfo> (0x00000000e0f94890) thrown at [C:\src\android\AOSP-openjdk\external\jetbrains\jdk\hotspot\src\share\vm\classfile\systemDictionary.cpp, line 210]
Event: 12.709 Thread 0x0000000019901800 Exception <a 'java/lang/ClassNotFoundException': build_ed20526t7ogs8btyzi5p8j6pbCustomizer> (0x00000000e0fa4b28) thrown at [C:\src\android\AOSP-openjdk\external\jetbrains\jdk\hotspot\src\share\vm\classfile\systemDictionary.cpp, line 210]
Event: 12.718 Thread 0x0000000019901800 Exception <a 'java/lang/ClassNotFoundException': org/gradle/api/internal/plugins/DefaultObjectConfigurationActionBeanInfo> (0x00000000e0fff120) thrown at [C:\src\android\AOSP-openjdk\external\jetbrains\jdk\hotspot\src\share\vm\classfile\systemDictionary.cp
Event: 12.719 Thread 0x0000000019901800 Exception <a 'java/lang/ClassNotFoundException': org/gradle/api/internal/plugins/DefaultObjectConfigurationActionCustomizer> (0x00000000e102ea38) thrown at [C:\src\android\AOSP-openjdk\external\jetbrains\jdk\hotspot\src\share\vm\classfile\systemDictionary.ÊœòÇt)@
Event: 12.728 Thread 0x0000000019901800 Exception <a 'java/lang/ClassNotFoundException': org/gradle/api/plugins/ObjectConfigurationActionBeanInfo> (0x00000000e106d318) thrown at [C:\src\android\AOSP-openjdk\external\jetbrains\jdk\hotspot\src\share\vm\classfile\systemDictionary.cpp, line 210]
Event: 12.729 Thread 0x0000000019901800 Exception <a 'java/lang/ClassNotFoundException': org/gradle/api/plugins/ObjectConfigurationActionCustomizer> (0x00000000e1095388) thrown at [C:\src\android\AOSP-openjdk\external\jetbrains\jdk\hotspot\src\share\vm\classfile\systemDictionary.cpp, line 210]

Events (10 events):
Event: 14.134 loading class org/gradle/platform/base/plugins/BinaryBasePlugin
Event: 14.134 loading class org/gradle/platform/base/plugins/BinaryBasePlugin done
Event: 14.136 loading class org/gradle/platform/base/plugins/BinaryBasePlugin$Rules
Event: 14.136 loading class org/gradle/platform/base/plugins/BinaryBasePlugin$Rules done
Event: 14.139 loading class org/gradle/platform/base/internal/BinarySpecInternal
Event: 14.139 loading class org/gradle/platform/base/internal/BinarySpecInternal done
Event: 14.147 loading class org/gradle/platform/base/BinaryTasksCollection
Event: 14.147 loading class org/gradle/platform/base/BinaryTasksCollection done
Event: 14.156 loading class org/gradle/model/internal/manage/schema/cache/MultiWeakClassSet$1
Event: 14.156 loading class org/gradle/model/internal/manage/schema/cache/MultiWeakClassSet$1 done


Dynamic libraries:
0x00007ff6d99d0000 - 0x00007ff6d9a01000 	C:\Program Files\Android\Android Studio1\jre\bin\java.exe
0x00007ffbb0d90000 - 0x00007ffbb0f6b000 	C:\WINDOWS\SYSTEM32\ntdll.dll
0x00007ffbaecf0000 - 0x00007ffbaed9e000 	C:\WINDOWS\System32\KERNEL32.DLL
0x00007ffbad780000 - 0x00007ffbad9c9000 	C:\WINDOWS\System32\KERNELBASE.dll
0x00007ffbae9c0000 - 0x00007ffbaea61000 	C:\WINDOWS\System32\ADVAPI32.dll
0x00007ffbaebf0000 - 0x00007ffbaec8d000 	C:\WINDOWS\System32\msvcrt.dll
0x00007ffbaeeb0000 - 0x00007ffbaef09000 	C:\WINDOWS\System32\sechost.dll
0x00007ffbae2f0000 - 0x00007ffbae415000 	C:\WINDOWS\System32\RPCRT4.dll
0x00007ffbb0aa0000 - 0x00007ffbb0bea000 	C:\WINDOWS\System32\USER32.dll
0x00007ffbada80000 - 0x00007ffbada9e000 	C:\WINDOWS\System32\win32u.dll
0x00007ffbaecc0000 - 0x00007ffbaece7000 	C:\WINDOWS\System32\GDI32.dll
0x00007ffbad4e0000 - 0x00007ffbad668000 	C:\WINDOWS\System32\gdi32full.dll
0x00007ffbad6e0000 - 0x00007ffbad77a000 	C:\WINDOWS\System32\msvcp_win.dll
0x00007ffbadaf0000 - 0x00007ffbadbe6000 	C:\WINDOWS\System32\ucrtbase.dll
0x00007ffba0440000 - 0x00007ffba06a7000 	C:\WINDOWS\WinSxS\amd64_microsoft.windows.common-controls_6595b64144ccf1df_6.0.15063.483_none_26002d27e7c744a2\COMCTL32.dll
0x00007ffbaef10000 - 0x00007ffbaf209000 	C:\WINDOWS\System32\combase.dll
0x00007ffbad670000 - 0x00007ffbad6da000 	C:\WINDOWS\System32\bcryptPrimitives.dll
0x00007ffbaec90000 - 0x00007ffbaecbd000 	C:\WINDOWS\System32\IMM32.DLL
0x00000000501b0000 - 0x0000000050282000 	C:\Program Files\Android\Android Studio1\jre\jre\bin\msvcr100.dll
0x00000000777c0000 - 0x0000000077ffc000 	C:\Program Files\Android\Android Studio1\jre\jre\bin\server\jvm.dll
0x00007ffbb0a90000 - 0x00007ffbb0a98000 	C:\WINDOWS\System32\PSAPI.DLL
0x00007ffbab6c0000 - 0x00007ffbab6e3000 	C:\WINDOWS\SYSTEM32\WINMM.dll
0x00007ffba13f0000 - 0x00007ffba13fa000 	C:\WINDOWS\SYSTEM32\VERSION.dll
0x00007ffbaa170000 - 0x00007ffbaa179000 	C:\WINDOWS\SYSTEM32\WSOCK32.dll
0x00007ffbae670000 - 0x00007ffbae6dc000 	C:\WINDOWS\System32\WS2_32.dll
0x00007ffbab3d0000 - 0x00007ffbab3fb000 	C:\WINDOWS\SYSTEM32\WINMMBASE.dll
0x00007ffbadaa0000 - 0x00007ffbadae9000 	C:\WINDOWS\System32\cfgmgr32.dll
0x00007ffbaa140000 - 0x00007ffbaa14f000 	C:\Program Files\Android\Android Studio1\jre\jre\bin\verify.dll
0x00007ffb9f1d0000 - 0x00007ffb9f1f9000 	C:\Program Files\Android\Android Studio1\jre\jre\bin\java.dll
0x00007ffba52d0000 - 0x00007ffba52e6000 	C:\Program Files\Android\Android Studio1\jre\jre\bin\zip.dll
0x00007ffbaf210000 - 0x00007ffbb0646000 	C:\WINDOWS\System32\SHELL32.dll
0x00007ffbae910000 - 0x00007ffbae9ba000 	C:\WINDOWS\System32\shcore.dll
0x00007ffbadbf0000 - 0x00007ffbae2e3000 	C:\WINDOWS\System32\windows.storage.dll
0x00007ffbae610000 - 0x00007ffbae661000 	C:\WINDOWS\System32\shlwapi.dll
0x00007ffbad250000 - 0x00007ffbad261000 	C:\WINDOWS\System32\kernel.appcore.dll
0x00007ffbad200000 - 0x00007ffbad24c000 	C:\WINDOWS\System32\powrprof.dll
0x00007ffbad270000 - 0x00007ffbad285000 	C:\WINDOWS\System32\profapi.dll
0x00007ffba5150000 - 0x00007ffba516a000 	C:\Program Files\Android\Android Studio1\jre\jre\bin\net.dll
0x00007ffbacab0000 - 0x00007ffbacb0c000 	C:\WINDOWS\system32\mswsock.dll
0x00007ffba0d40000 - 0x00007ffba0d51000 	C:\Program Files\Android\Android Studio1\jre\jre\bin\nio.dll
0x00007ffba0ac0000 - 0x00007ffba0ade000 	C:\Users\Lenovo\.gradle\native\23\windows-amd64\native-platform.dll
0x00007ffbacc60000 - 0x00007ffbacc77000 	C:\WINDOWS\SYSTEM32\CRYPTSP.dll
0x00007ffbac6d0000 - 0x00007ffbac704000 	C:\WINDOWS\system32\rsaenh.dll
0x00007ffbad0d0000 - 0x00007ffbad0f5000 	C:\WINDOWS\SYSTEM32\bcrypt.dll
0x00007ffbad130000 - 0x00007ffbad159000 	C:\WINDOWS\SYSTEM32\USERENV.dll
0x00007ffbacc50000 - 0x00007ffbacc5b000 	C:\WINDOWS\SYSTEM32\CRYPTBASE.dll
0x00007ffbac850000 - 0x00007ffbac887000 	C:\WINDOWS\SYSTEM32\IPHLPAPI.DLL
0x00007ffbaea70000 - 0x00007ffbaea78000 	C:\WINDOWS\System32\NSI.dll
0x00007ffba7e40000 - 0x00007ffba7e56000 	C:\WINDOWS\SYSTEM32\dhcpcsvc6.DLL
0x00007ffba8510000 - 0x00007ffba852a000 	C:\WINDOWS\SYSTEM32\dhcpcsvc.DLL
0x00007ffbaa160000 - 0x00007ffbaa16d000 	C:\Program Files\Android\Android Studio1\jre\jre\bin\management.dll

VM Arguments:
jvm_args: -Xmx1536m -Dfile.encoding=windows-1250 -Duser.country=PL -Duser.language=pl -Duser.variant 
java_command: org.gradle.launcher.daemon.bootstrap.GradleDaemon 3.3
java_class_path (initial): C:\Users\Lenovo\.gradle\wrapper\dists\gradle-3.3-all\55gk2rcmfc6p2dg9u9ohc3hw9\gradle-3.3\lib\gradle-launcher-3.3.jar
Launcher Type: SUN_STANDARD

Environment Variables:
PATH=C:\ProgramData\Oracle\Java\javapath;C:\WINDOWS\system32;C:\WINDOWS;C:\WINDOWS\System32\Wbem;C:\WINDOWS\System32\WindowsPowerShell\v1.0\;C:\Users\Lenovo\AppData\Local\Microsoft\WindowsApps;C:\Users\Lenovo\AppData\Local\GitHubDesktop\bin
USERNAME=Lenovo
OS=Windows_NT
PROCESSOR_IDENTIFIER=Intel64 Family 6 Model 58 Stepping 9, GenuineIntel



---------------  S Y S T E M  ---------------

OS: Windows 10.0 , 64 bit Build 15063 (10.0.15063.296)

CPU:total 4 (2 cores per cpu, 2 threads per core) family 6 model 58 stepping 9, cmov, cx8, fxsr, mmx, sse, sse2, sse3, ssse3, sse4.1, sse4.2, popcnt, avx, aes, clmul, erms, ht, tsc, tscinvbit, tscinv

Memory: 4k page, physical 4056852k(271812k free), swap 16639764k(5396k free)

vm_info: OpenJDK 64-Bit Server VM (25.112-b06) for windows-amd64 JRE (1.8.0_112-release-b06), built on Dec  8 2016 00:54:26 by "builder" with MS VC++ 10.0 (VS2010)

time: Sat Sep 23 16:43:01 2017
elapsed time: 14 seconds (0d 0h 0m 14s)

