#
# There is insufficient memory for the Java Runtime Environment to continue.
# Native memory allocation (malloc) failed to allocate 32744 bytes for ChunkPool::allocate
# Possible reasons:
#   The system is out of physical RAM or swap space
#   In 32 bit mode, the process size limit was hit
# Possible solutions:
#   Reduce memory load on the system
#   Increase physical memory or swap space
#   Check if swap backing store is full
#   Use 64 bit Java on a 64 bit OS
#   Decrease Java heap size (-Xmx/-Xms)
#   Decrease number of Java threads
#   Decrease Java thread stack sizes (-Xss)
#   Set larger code cache with -XX:ReservedCodeCacheSize=
# This output file may be truncated or incomplete.
#
#  Out of Memory Error (allocation.cpp:273), pid=16780, tid=0x0000000000003708
#
# JRE version: OpenJDK Runtime Environment (8.0_112-b06) (build 1.8.0_112-release-b06)
# Java VM: OpenJDK 64-Bit Server VM (25.112-b06 mixed mode windows-amd64 compressed oops)
# Failed to write core dump. Minidumps are not enabled by default on client versions of Windows
#

---------------  T H R E A D  ---------------

Current thread (0x0000000016533000):  JavaThread "C1 CompilerThread2" daemon [_thread_in_native, id=14088, stack(0x0000000017d80000,0x0000000017e80000)]

Stack: [0x0000000017d80000,0x0000000017e80000]
[error occurred during error reporting (printing stack bounds), id 0xc0000005]

Native frames: (J=compiled Java code, j=interpreted, Vv=VM code, C=native code)


Current CompileTask:
C1:1181384 13830       3       com.android.build.gradle.internal.incremental.IncrementalSupportVisitor::findParentClassForMethod (369 bytes)


---------------  P R O C E S S  ---------------

Java Threads: ( => current thread )
  0x000000001d56e000 JavaThread "Cache update executor" [_thread_blocked, id=14320, stack(0x00000000267d0000,0x00000000268d0000)]
  0x000000001d56d800 JavaThread "Stdin handler" [_thread_blocked, id=17120, stack(0x00000000266d0000,0x00000000267d0000)]
  0x000000001d56c800 JavaThread "Asynchronous log dispatcher for DefaultDaemonConnection: socket connection from /127.0.0.1:64395 to /127.0.0.1:64716" [_thread_blocked, id=5916, stack(0x00000000265d0000,0x00000000266d0000)]
  0x000000001d56b000 JavaThread "Cancel handler" [_thread_blocked, id=8720, stack(0x00000000264d0000,0x00000000265d0000)]
  0x000000001d572000 JavaThread "Handler for socket connection from /127.0.0.1:64395 to /127.0.0.1:64716" [_thread_in_native, id=5444, stack(0x00000000263d0000,0x00000000264d0000)]
  0x000000001d56c000 JavaThread "Daemon worker Thread 4" [_thread_in_native, id=16472, stack(0x00000000251d0000,0x00000000252d0000)]
  0x000000001d570800 JavaThread "Daemon Thread 4" [_thread_blocked, id=18304, stack(0x0000000024ed0000,0x0000000024fd0000)]
  0x0000000019bfe000 JavaThread "File lock request listener" [_thread_in_native, id=10376, stack(0x000000001c170000,0x000000001c270000)]
  0x00000000194bb000 JavaThread "pool-1-thread-1" [_thread_blocked, id=11520, stack(0x000000001ba70000,0x000000001bb70000)]
  0x000000001955d000 JavaThread "Incoming local TCP Connector on port 64395" [_thread_in_native, id=6104, stack(0x0000000019c50000,0x0000000019d50000)]
  0x0000000017ea8800 JavaThread "Service Thread" daemon [_thread_blocked, id=6284, stack(0x0000000018280000,0x0000000018380000)]
=>0x0000000016533000 JavaThread "C1 CompilerThread2" daemon [_thread_in_native, id=14088, stack(0x0000000017d80000,0x0000000017e80000)]
  0x000000001652f000 JavaThread "C2 CompilerThread1" daemon [_thread_blocked, id=10940, stack(0x0000000017c80000,0x0000000017d80000)]
  0x000000001652d000 JavaThread "C2 CompilerThread0" daemon [_thread_in_native, id=7012, stack(0x0000000017b80000,0x0000000017c80000)]
  0x000000001652a800 JavaThread "Attach Listener" daemon [_thread_blocked, id=1988, stack(0x0000000017a80000,0x0000000017b80000)]
  0x0000000016529000 JavaThread "Signal Dispatcher" daemon [_thread_blocked, id=9304, stack(0x0000000017980000,0x0000000017a80000)]
  0x0000000002bbb000 JavaThread "Finalizer" daemon [_thread_blocked, id=212, stack(0x0000000017780000,0x0000000017880000)]
  0x0000000002bb0000 JavaThread "Reference Handler" daemon [_thread_blocked, id=3928, stack(0x0000000017680000,0x0000000017780000)]
  0x0000000002ac0800 JavaThread "main" [_thread_blocked, id=18988, stack(0x0000000002900000,0x0000000002a00000)]

Other Threads:
  0x00000000164f5800 VMThread [stack: 0x0000000017580000,0x0000000017680000] [id=3840]
  0x000000001658c000 WatcherThread [stack: 0x0000000018380000,0x0000000018480000] [id=10584]

VM state:not at safepoint (normal execution)

VM Mutex/Monitor currently owned by a thread: None

Heap:
 PSYoungGen      total 186880K, used 104150K [0x00000000e0000000, 0x00000000ee480000, 0x0000000100000000)
  eden space 161792K, 52% used [0x00000000e0000000,0x00000000e5354b30,0x00000000e9e00000)
  from space 25088K, 75% used [0x00000000e9e00000,0x00000000eb061028,0x00000000eb680000)
  to   space 26624K, 0% used [0x00000000eca80000,0x00000000eca80000,0x00000000ee480000)
 ParOldGen       total 107008K, used 44422K [0x00000000a0000000, 0x00000000a6880000, 0x00000000e0000000)
  object space 107008K, 41% used [0x00000000a0000000,0x00000000a2b61990,0x00000000a6880000)
 Metaspace       used 72449K, capacity 76766K, committed 77016K, reserved 1116160K
  class space    used 9640K, capacity 10380K, committed 10456K, reserved 1048576K

Card table byte_map: [0x0000000011f80000,0x0000000012290000] byte_map_base: 0x0000000011a80000

Marking Bits: (ParMarkBitMap*) 0x0000000077f818f0
 Begin Bits: [0x0000000012890000, 0x0000000014090000)
 End Bits:   [0x0000000014090000, 0x0000000015890000)

Polling page: 0x0000000001110000

CodeCache: size=245760Kb used=41292Kb max_used=41292Kb free=204467Kb
 bounds [0x0000000002bc0000, 0x0000000005450000, 0x0000000011bc0000]
 total_blobs=12488 nmethods=11669 adapters=731
 compilation: enabled

Compilation events (10 events):
Event: 1181.213 Thread 0x0000000016533000 nmethod 13825 0x000000000543d610 code [0x000000000543d7a0, 0x000000000543dbd8]
Event: 1181.214 Thread 0x0000000016533000 13827       3       org.objectweb.asm.Frame::a (163 bytes)
Event: 1181.214 Thread 0x0000000016533000 nmethod 13827 0x000000000543dd90 code [0x000000000543df40, 0x000000000543e538]
Event: 1181.215 Thread 0x0000000016533000 13828       3       org.objectweb.asm.tree.FieldInsnNode::accept (26 bytes)
Event: 1181.215 Thread 0x0000000016533000 nmethod 13828 0x000000000543e910 code [0x000000000543ea80, 0x000000000543ed78]
Event: 1181.216 Thread 0x0000000016533000 13829       3       com.android.build.gradle.internal.incremental.IncrementalSupportVisitor$1::visitCase (266 bytes)
Event: 1181.217 Thread 0x0000000016533000 nmethod 13829 0x000000000543ee50 code [0x000000000543f140, 0x00000000054408f8]
Event: 1181.217 Thread 0x0000000016533000 13831       3       org.objectweb.asm.Frame::b (110 bytes)
Event: 1181.218 Thread 0x0000000016533000 nmethod 13831 0x0000000005441590 code [0x0000000005441720, 0x0000000005441c28]
Event: 1181.218 Thread 0x0000000016533000 13830       3       com.android.build.gradle.internal.incremental.IncrementalSupportVisitor::findParentClassForMethod (369 bytes)

GC Heap History (10 events):
Event: 1052.229 GC heap before
{Heap before GC invocations=18 (full 3):
 PSYoungGen      total 171008K, used 170592K [0x00000000e0000000, 0x00000000ede00000, 0x0000000100000000)
  eden space 165888K, 100% used [0x00000000e0000000,0x00000000ea200000,0x00000000ea200000)
  from space 5120K, 91% used [0x00000000ed900000,0x00000000edd98060,0x00000000ede00000)
  to   space 23040K, 0% used [0x00000000eb100000,0x00000000eb100000,0x00000000ec780000)
 ParOldGen       total 107008K, used 44382K [0x00000000a0000000, 0x00000000a6880000, 0x00000000e0000000)
  object space 107008K, 41% used [0x00000000a0000000,0x00000000a2b57990,0x00000000a6880000)
 Metaspace       used 61741K, capacity 64482K, committed 64728K, reserved 1105920K
  class space    used 8262K, capacity 8795K, committed 8920K, reserved 1048576K
Event: 1052.512 GC heap after
Heap after GC invocations=18 (full 3):
 PSYoungGen      total 204288K, used 5590K [0x00000000e0000000, 0x00000000edf80000, 0x0000000100000000)
  eden space 181248K, 0% used [0x00000000e0000000,0x00000000e0000000,0x00000000eb100000)
  from space 23040K, 24% used [0x00000000eb100000,0x00000000eb675bb0,0x00000000ec780000)
  to   space 22528K, 0% used [0x00000000ec980000,0x00000000ec980000,0x00000000edf80000)
 ParOldGen       total 107008K, used 44390K [0x00000000a0000000, 0x00000000a6880000, 0x00000000e0000000)
  object space 107008K, 41% used [0x00000000a0000000,0x00000000a2b59990,0x00000000a6880000)
 Metaspace       used 61741K, capacity 64482K, committed 64728K, reserved 1105920K
  class space    used 8262K, capacity 8795K, committed 8920K, reserved 1048576K
}
Event: 1137.648 GC heap before
{Heap before GC invocations=19 (full 3):
 PSYoungGen      total 204288K, used 186838K [0x00000000e0000000, 0x00000000edf80000, 0x0000000100000000)
  eden space 181248K, 100% used [0x00000000e0000000,0x00000000eb100000,0x00000000eb100000)
  from space 23040K, 24% used [0x00000000eb100000,0x00000000eb675bb0,0x00000000ec780000)
  to   space 22528K, 0% used [0x00000000ec980000,0x00000000ec980000,0x00000000edf80000)
 ParOldGen       total 107008K, used 44390K [0x00000000a0000000, 0x00000000a6880000, 0x00000000e0000000)
  object space 107008K, 41% used [0x00000000a0000000,0x00000000a2b59990,0x00000000a6880000)
 Metaspace       used 63176K, capacity 66374K, committed 66520K, reserved 1105920K
  class space    used 8455K, capacity 9085K, committed 9176K, reserved 1048576K
Event: 1137.674 GC heap after
Heap after GC invocations=19 (full 3):
 PSYoungGen      total 187904K, used 12821K [0x00000000e0000000, 0x00000000ed680000, 0x0000000100000000)
  eden space 174592K, 0% used [0x00000000e0000000,0x00000000e0000000,0x00000000eaa80000)
  from space 13312K, 96% used [0x00000000ec980000,0x00000000ed605658,0x00000000ed680000)
  to   space 22528K, 0% used [0x00000000eaa80000,0x00000000eaa80000,0x00000000ec080000)
 ParOldGen       total 107008K, used 44398K [0x00000000a0000000, 0x00000000a6880000, 0x00000000e0000000)
  object space 107008K, 41% used [0x00000000a0000000,0x00000000a2b5b990,0x00000000a6880000)
 Metaspace       used 63176K, capacity 66374K, committed 66520K, reserved 1105920K
  class space    used 8455K, capacity 9085K, committed 9176K, reserved 1048576K
}
Event: 1156.853 GC heap before
{Heap before GC invocations=20 (full 3):
 PSYoungGen      total 187904K, used 187413K [0x00000000e0000000, 0x00000000ed680000, 0x0000000100000000)
  eden space 174592K, 100% used [0x00000000e0000000,0x00000000eaa80000,0x00000000eaa80000)
  from space 13312K, 96% used [0x00000000ec980000,0x00000000ed605658,0x00000000ed680000)
  to   space 22528K, 0% used [0x00000000eaa80000,0x00000000eaa80000,0x00000000ec080000)
 ParOldGen       total 107008K, used 44398K [0x00000000a0000000, 0x00000000a6880000, 0x00000000e0000000)
  object space 107008K, 41% used [0x00000000a0000000,0x00000000a2b5b990,0x00000000a6880000)
 Metaspace       used 64847K, capacity 68662K, committed 68824K, reserved 1107968K
  class space    used 8712K, capacity 9398K, committed 9432K, reserved 1048576K
Event: 1156.874 GC heap after
Heap after GC invocations=20 (full 3):
 PSYoungGen      total 182272K, used 14304K [0x00000000e0000000, 0x00000000ed100000, 0x0000000100000000)
  eden space 167936K, 0% used [0x00000000e0000000,0x00000000e0000000,0x00000000ea400000)
  from space 14336K, 99% used [0x00000000eaa80000,0x00000000eb878020,0x00000000eb880000)
  to   space 23040K, 0% used [0x00000000eba80000,0x00000000eba80000,0x00000000ed100000)
 ParOldGen       total 107008K, used 44406K [0x00000000a0000000, 0x00000000a6880000, 0x00000000e0000000)
  object space 107008K, 41% used [0x00000000a0000000,0x00000000a2b5d990,0x00000000a6880000)
 Metaspace       used 64847K, capacity 68662K, committed 68824K, reserved 1107968K
  class space    used 8712K, capacity 9398K, committed 9432K, reserved 1048576K
}
Event: 1178.876 GC heap before
{Heap before GC invocations=21 (full 3):
 PSYoungGen      total 182272K, used 182240K [0x00000000e0000000, 0x00000000ed100000, 0x0000000100000000)
  eden space 167936K, 100% used [0x00000000e0000000,0x00000000ea400000,0x00000000ea400000)
  from space 14336K, 99% used [0x00000000eaa80000,0x00000000eb878020,0x00000000eb880000)
  to   space 23040K, 0% used [0x00000000eba80000,0x00000000eba80000,0x00000000ed100000)
 ParOldGen       total 107008K, used 44406K [0x00000000a0000000, 0x00000000a6880000, 0x00000000e0000000)
  object space 107008K, 41% used [0x00000000a0000000,0x00000000a2b5d990,0x00000000a6880000)
 Metaspace       used 70716K, capacity 74858K, committed 74968K, reserved 1114112K
  class space    used 9431K, capacity 10178K, committed 10200K, reserved 1048576K
Event: 1178.917 GC heap after
Heap after GC invocations=21 (full 3):
 PSYoungGen      total 182784K, used 18476K [0x00000000e0000000, 0x00000000ecf00000, 0x0000000100000000)
  eden space 161792K, 0% used [0x00000000e0000000,0x00000000e0000000,0x00000000e9e00000)
  from space 20992K, 88% used [0x00000000eba80000,0x00000000ecc8b0b0,0x00000000ecf00000)
  to   space 25088K, 0% used [0x00000000e9e00000,0x00000000e9e00000,0x00000000eb680000)
 ParOldGen       total 107008K, used 44414K [0x00000000a0000000, 0x00000000a6880000, 0x00000000e0000000)
  object space 107008K, 41% used [0x00000000a0000000,0x00000000a2b5f990,0x00000000a6880000)
 Metaspace       used 70716K, capacity 74858K, committed 74968K, reserved 1114112K
  class space    used 9431K, capacity 10178K, committed 10200K, reserved 1048576K
}
Event: 1179.374 GC heap before
{Heap before GC invocations=22 (full 3):
 PSYoungGen      total 182784K, used 179743K [0x00000000e0000000, 0x00000000ecf00000, 0x0000000100000000)
  eden space 161792K, 99% used [0x00000000e0000000,0x00000000e9d7cb98,0x00000000e9e00000)
  from space 20992K, 88% used [0x00000000eba80000,0x00000000ecc8b0b0,0x00000000ecf00000)
  to   space 25088K, 0% used [0x00000000e9e00000,0x00000000e9e00000,0x00000000eb680000)
 ParOldGen       total 107008K, used 44414K [0x00000000a0000000, 0x00000000a6880000, 0x00000000e0000000)
  object space 107008K, 41% used [0x00000000a0000000,0x00000000a2b5f990,0x00000000a6880000)
 Metaspace       used 71353K, capacity 75554K, committed 75608K, reserved 1114112K
  class space    used 9525K, capacity 10286K, committed 10328K, reserved 1048576K
Event: 1179.397 GC heap after
Heap after GC invocations=22 (full 3):
 PSYoungGen      total 186880K, used 18820K [0x00000000e0000000, 0x00000000ee480000, 0x0000000100000000)
  eden space 161792K, 0% used [0x00000000e0000000,0x00000000e0000000,0x00000000e9e00000)
  from space 25088K, 75% used [0x00000000e9e00000,0x00000000eb061028,0x00000000eb680000)
  to   space 26624K, 0% used [0x00000000eca80000,0x00000000eca80000,0x00000000ee480000)
 ParOldGen       total 107008K, used 44422K [0x00000000a0000000, 0x00000000a6880000, 0x00000000e0000000)
  object space 107008K, 41% used [0x00000000a0000000,0x00000000a2b61990,0x00000000a6880000)
 Metaspace       used 71353K, capacity 75554K, committed 75608K, reserved 1114112K
  class space    used 9525K, capacity 10286K, committed 10328K, reserved 1048576K
}

Deoptimization events (10 events):
Event: 1179.650 Thread 0x000000001d56c000 Uncommon trap: reason=unstable_if action=reinterpret pc=0x0000000004548518 method=com.google.common.base.Objects.equal(Ljava/lang/Object;Ljava/lang/Object;)Z @ 14
Event: 1179.650 Thread 0x000000001d56c000 Uncommon trap: reason=unstable_if action=reinterpret pc=0x00000000044f7e14 method=java.security.MessageDigest.isEqual([B[B)Z @ 53
Event: 1179.666 Thread 0x000000001d56c000 Uncommon trap: reason=unstable_if action=reinterpret pc=0x00000000052ace08 method=java.net.URI.needsNormalization(Ljava/lang/String;)I @ 149
Event: 1180.093 Thread 0x000000001d56c000 Uncommon trap: reason=unstable_if action=reinterpret pc=0x0000000003b863b0 method=java.util.regex.Matcher.appendReplacement(Ljava/lang/StringBuffer;Ljava/lang/String;)Ljava/util/regex/Matcher; @ 47
Event: 1180.207 Thread 0x000000001d56c000 Uncommon trap: reason=null_assert action=make_not_entrant pc=0x000000000385256c method=java.util.zip.ZipEntry.setExtra0([BZ)V @ 269
Event: 1180.207 Thread 0x000000001d56c000 Uncommon trap: reason=null_assert action=make_not_entrant pc=0x000000000311c470 method=java.util.zip.ZipEntry.<init>(Ljava/util/zip/ZipEntry;)V @ 70
Event: 1180.229 Thread 0x000000001d56c000 Uncommon trap: reason=null_assert action=make_not_entrant pc=0x0000000002e1e77c method=java.util.zip.ZipEntry.<init>(Ljava/util/zip/ZipEntry;)V @ 70
Event: 1180.242 Thread 0x000000001d56c000 Uncommon trap: reason=null_assert action=make_not_entrant pc=0x0000000002e27f04 method=java.util.zip.ZipEntry.<init>(Ljava/util/zip/ZipEntry;)V @ 70
Event: 1180.794 Thread 0x000000001d56c000 Uncommon trap: reason=unstable_if action=reinterpret pc=0x000000000541e578 method=org.objectweb.asm.Frame.a(IILorg/objectweb/asm/ClassWriter;Lorg/objectweb/asm/Item;)V @ 1181
Event: 1181.213 Thread 0x000000001d56c000 Uncommon trap: reason=unstable_if action=reinterpret pc=0x0000000005438444 method=org.objectweb.asm.Frame.b(I)V @ 26

Internal exceptions (10 events):
Event: 1154.725 Thread 0x000000001d56c000 Exception <a 'sun/nio/fs/WindowsException'> (0x00000000e89eff00) thrown at [C:\src\android\AOSP-openjdk\external\jetbrains\jdk\hotspot\src\share\vm\prims\jni.cpp, line 709]
Event: 1154.725 Thread 0x000000001d56c000 Exception <a 'sun/nio/fs/WindowsException'> (0x00000000e89f0b60) thrown at [C:\src\android\AOSP-openjdk\external\jetbrains\jdk\hotspot\src\share\vm\prims\jni.cpp, line 709]
Event: 1154.725 Thread 0x000000001d56c000 Exception <a 'sun/nio/fs/WindowsException'> (0x00000000e89f27f0) thrown at [C:\src\android\AOSP-openjdk\external\jetbrains\jdk\hotspot\src\share\vm\prims\jni.cpp, line 709]
Event: 1154.725 Thread 0x000000001d56c000 Exception <a 'sun/nio/fs/WindowsException'> (0x00000000e89f3490) thrown at [C:\src\android\AOSP-openjdk\external\jetbrains\jdk\hotspot\src\share\vm\prims\jni.cpp, line 709]
Event: 1159.684 Thread 0x000000001d56c000 Exception <a 'sun/nio/fs/WindowsException'> (0x00000000e0f88538) thrown at [C:\src\android\AOSP-openjdk\external\jetbrains\jdk\hotspot\src\share\vm\prims\jni.cpp, line 709]
Event: 1170.593 Thread 0x000000001d56c000 Exception <a 'java/lang/ClassNotFoundException': asLocalRepo4055_8embpwgyfj5e22qsz6d2hitidBeanInfo> (0x00000000e13ff8d0) thrown at [C:\src\android\AOSP-openjdk\external\jetbrains\jdk\hotspot\src\share\vm\classfile\systemDictionary.cpp, line 210]
Event: 1170.594 Thread 0x000000001d56c000 Exception <a 'java/lang/ClassNotFoundException': asLocalRepo4055_8embpwgyfj5e22qsz6d2hitidCustomizer> (0x00000000e140af10) thrown at [C:\src\android\AOSP-openjdk\external\jetbrains\jdk\hotspot\src\share\vm\classfile\systemDictionary.cpp, line 210]
Event: 1176.235 Thread 0x000000001d56c000 Implicit null exception at 0x0000000004ffbf3b to 0x0000000004ffd981
Event: 1179.472 Thread 0x000000001d56c000 Exception <a 'java/io/FileNotFoundException'> (0x00000000e42890d8) thrown at [C:\src\android\AOSP-openjdk\external\jetbrains\jdk\hotspot\src\share\vm\prims\jni.cpp, line 709]
Event: 1179.539 Thread 0x000000001d56e000 Exception <a 'java/lang/NoSuchMethodError': <clinit>> (0x00000000e449e960) thrown at [C:\src\android\AOSP-openjdk\external\jetbrains\jdk\hotspot\src\share\vm\prims\jni.cpp, line 1613]

Events (10 events):
Event: 1180.242 Thread 0x000000001d56c000 DEOPT PACKING pc=0x0000000002e27f04 sp=0x00000000252ca7a0
Event: 1180.242 Thread 0x000000001d56c000 DEOPT UNPACKING pc=0x0000000002c0556a sp=0x00000000252ca618 mode 2
Event: 1180.794 Thread 0x000000001d56c000 Uncommon trap: trap_request=0xffffff65 fr.pc=0x000000000541e578
Event: 1180.794 Thread 0x000000001d56c000 DEOPT PACKING pc=0x000000000541e578 sp=0x00000000252cb210
Event: 1180.794 Thread 0x000000001d56c000 DEOPT UNPACKING pc=0x0000000002c0556a sp=0x00000000252cb188 mode 2
Event: 1181.212 loading class org/objectweb/asm/Handler
Event: 1181.212 loading class org/objectweb/asm/Handler done
Event: 1181.213 Thread 0x000000001d56c000 Uncommon trap: trap_request=0xffffff65 fr.pc=0x0000000005438444
Event: 1181.213 Thread 0x000000001d56c000 DEOPT PACKING pc=0x0000000005438444 sp=0x00000000252cb010
Event: 1181.213 Thread 0x000000001d56c000 DEOPT UNPACKING pc=0x0000000002c0556a sp=0x00000000252cafa0 mode 2


Dynamic libraries:
0x00007ff6d99d0000 - 0x00007ff6d9a01000 	C:\Program Files\Android\Android Studio1\jre\bin\java.exe
0x00007ffbb0d90000 - 0x00007ffbb0f6b000 	C:\WINDOWS\SYSTEM32\ntdll.dll
0x00007ffbaecf0000 - 0x00007ffbaed9e000 	C:\WINDOWS\System32\KERNEL32.DLL
0x00007ffbad780000 - 0x00007ffbad9c9000 	C:\WINDOWS\System32\KERNELBASE.dll
0x00007ffbae9c0000 - 0x00007ffbaea61000 	C:\WINDOWS\System32\ADVAPI32.dll
0x00007ffbaebf0000 - 0x00007ffbaec8d000 	C:\WINDOWS\System32\msvcrt.dll
0x00007ffbaeeb0000 - 0x00007ffbaef09000 	C:\WINDOWS\System32\sechost.dll
0x00007ffbae2f0000 - 0x00007ffbae415000 	C:\WINDOWS\System32\RPCRT4.dll
0x00007ffbb0aa0000 - 0x00007ffbb0bea000 	C:\WINDOWS\System32\USER32.dll
0x00007ffbada80000 - 0x00007ffbada9e000 	C:\WINDOWS\System32\win32u.dll
0x00007ffbaecc0000 - 0x00007ffbaece7000 	C:\WINDOWS\System32\GDI32.dll
0x00007ffbad4e0000 - 0x00007ffbad668000 	C:\WINDOWS\System32\gdi32full.dll
0x00007ffbad6e0000 - 0x00007ffbad77a000 	C:\WINDOWS\System32\msvcp_win.dll
0x00007ffbadaf0000 - 0x00007ffbadbe6000 	C:\WINDOWS\System32\ucrtbase.dll
0x00007ffba0440000 - 0x00007ffba06a7000 	C:\WINDOWS\WinSxS\amd64_microsoft.windows.common-controls_6595b64144ccf1df_6.0.15063.483_none_26002d27e7c744a2\COMCTL32.dll
0x00007ffbaef10000 - 0x00007ffbaf209000 	C:\WINDOWS\System32\combase.dll
0x00007ffbad670000 - 0x00007ffbad6da000 	C:\WINDOWS\System32\bcryptPrimitives.dll
0x00007ffbaec90000 - 0x00007ffbaecbd000 	C:\WINDOWS\System32\IMM32.DLL
0x00000000501b0000 - 0x0000000050282000 	C:\Program Files\Android\Android Studio1\jre\jre\bin\msvcr100.dll
0x00000000777c0000 - 0x0000000077ffc000 	C:\Program Files\Android\Android Studio1\jre\jre\bin\server\jvm.dll
0x00007ffbb0a90000 - 0x00007ffbb0a98000 	C:\WINDOWS\System32\PSAPI.DLL
0x00007ffbab6c0000 - 0x00007ffbab6e3000 	C:\WINDOWS\SYSTEM32\WINMM.dll
0x00007ffbab3d0000 - 0x00007ffbab3fb000 	C:\WINDOWS\SYSTEM32\WINMMBASE.dll
0x00007ffbadaa0000 - 0x00007ffbadae9000 	C:\WINDOWS\System32\cfgmgr32.dll
0x00007ffba13f0000 - 0x00007ffba13fa000 	C:\WINDOWS\SYSTEM32\VERSION.dll
0x00007ffbaa170000 - 0x00007ffbaa179000 	C:\WINDOWS\SYSTEM32\WSOCK32.dll
0x00007ffbae670000 - 0x00007ffbae6dc000 	C:\WINDOWS\System32\ws2_32.DLL
0x00007ffbaa140000 - 0x00007ffbaa14f000 	C:\Program Files\Android\Android Studio1\jre\jre\bin\verify.dll
0x00007ffb9f1d0000 - 0x00007ffb9f1f9000 	C:\Program Files\Android\Android Studio1\jre\jre\bin\java.dll
0x00007ffba52d0000 - 0x00007ffba52e6000 	C:\Program Files\Android\Android Studio1\jre\jre\bin\zip.dll
0x00007ffbaf210000 - 0x00007ffbb0646000 	C:\WINDOWS\System32\SHELL32.dll
0x00007ffbae910000 - 0x00007ffbae9ba000 	C:\WINDOWS\System32\shcore.dll
0x00007ffbadbf0000 - 0x00007ffbae2e3000 	C:\WINDOWS\System32\windows.storage.dll
0x00007ffbae610000 - 0x00007ffbae661000 	C:\WINDOWS\System32\shlwapi.dll
0x00007ffbad250000 - 0x00007ffbad261000 	C:\WINDOWS\System32\kernel.appcore.dll
0x00007ffbad200000 - 0x00007ffbad24c000 	C:\WINDOWS\System32\powrprof.dll
0x00007ffbad270000 - 0x00007ffbad285000 	C:\WINDOWS\System32\profapi.dll
0x00007ffba5150000 - 0x00007ffba516a000 	C:\Program Files\Android\Android Studio1\jre\jre\bin\net.dll
0x00007ffbacab0000 - 0x00007ffbacb0c000 	C:\WINDOWS\system32\mswsock.dll
0x00007ffba0d40000 - 0x00007ffba0d51000 	C:\Program Files\Android\Android Studio1\jre\jre\bin\nio.dll
0x00007ffba0ac0000 - 0x00007ffba0ade000 	C:\Users\Lenovo\.gradle\native\23\windows-amd64\native-platform.dll
0x00007ffbacc60000 - 0x00007ffbacc77000 	C:\WINDOWS\SYSTEM32\CRYPTSP.dll
0x00007ffbac6d0000 - 0x00007ffbac704000 	C:\WINDOWS\system32\rsaenh.dll
0x00007ffbad0d0000 - 0x00007ffbad0f5000 	C:\WINDOWS\SYSTEM32\bcrypt.dll
0x00007ffbad130000 - 0x00007ffbad159000 	C:\WINDOWS\SYSTEM32\USERENV.dll
0x00007ffbacc50000 - 0x00007ffbacc5b000 	C:\WINDOWS\SYSTEM32\CRYPTBASE.dll
0x00007ffbac850000 - 0x00007ffbac887000 	C:\WINDOWS\SYSTEM32\IPHLPAPI.DLL
0x00007ffbaea70000 - 0x00007ffbaea78000 	C:\WINDOWS\System32\NSI.dll
0x00007ffba7e40000 - 0x00007ffba7e56000 	C:\WINDOWS\SYSTEM32\dhcpcsvc6.DLL
0x00007ffba8510000 - 0x00007ffba852a000 	C:\WINDOWS\SYSTEM32\dhcpcsvc.DLL
0x00007ffbaa160000 - 0x00007ffbaa16d000 	C:\Program Files\Android\Android Studio1\jre\jre\bin\management.dll
0x00007ffba5230000 - 0x00007ffba5254000 	C:\Program Files\Android\Android Studio1\jre\jre\bin\sunec.dll
0x00007ffbac890000 - 0x00007ffbac934000 	C:\WINDOWS\SYSTEM32\DNSAPI.dll
0x00007ffb9f390000 - 0x00007ffb9f39a000 	C:\Windows\System32\rasadhlp.dll
0x00007ffba2590000 - 0x00007ffba25fb000 	C:\WINDOWS\System32\fwpuclnt.dll
0x00007ffba8a70000 - 0x00007ffba8a7b000 	C:\Program Files\Android\Android Studio1\jre\jre\bin\sunmscapi.dll
0x00007ffbad2b0000 - 0x00007ffbad479000 	C:\WINDOWS\System32\CRYPT32.dll
0x00007ffbad290000 - 0x00007ffbad2a1000 	C:\WINDOWS\System32\MSASN1.dll

VM Arguments:
jvm_args: -Xmx1536m -Dfile.encoding=windows-1250 -Duser.country=PL -Duser.language=pl -Duser.variant 
java_command: org.gradle.launcher.daemon.bootstrap.GradleDaemon 3.3
java_class_path (initial): C:\Users\Lenovo\.gradle\wrapper\dists\gradle-3.3-all\55gk2rcmfc6p2dg9u9ohc3hw9\gradle-3.3\lib\gradle-launcher-3.3.jar
Launcher Type: SUN_STANDARD

Environment Variables:
PATH=C:\ProgramData\Oracle\Java\javapath;C:\WINDOWS\system32;C:\WINDOWS;C:\WINDOWS\System32\Wbem;C:\WINDOWS\System32\WindowsPowerShell\v1.0\;C:\Users\Lenovo\AppData\Local\Microsoft\WindowsApps;C:\Users\Lenovo\AppData\Local\GitHubDesktop\bin
USERNAME=Lenovo
OS=Windows_NT
PROCESSOR_IDENTIFIER=Intel64 Family 6 Model 58 Stepping 9, GenuineIntel



---------------  S Y S T E M  ---------------

OS: Windows 10.0 , 64 bit Build 15063 (10.0.15063.296)

CPU:total 4 (2 cores per cpu, 2 threads per core) family 6 model 58 stepping 9, cmov, cx8, fxsr, mmx, sse, sse2, sse3, ssse3, sse4.1, sse4.2, popcnt, avx, aes, clmul, erms, ht, tsc, tscinvbit, tscinv

Memory: 4k page, physical 4056852k(238696k free), swap 16639764k(1436k free)

vm_info: OpenJDK 64-Bit Server VM (25.112-b06) for windows-amd64 JRE (1.8.0_112-release-b06), built on Dec  8 2016 00:54:26 by "builder" with MS VC++ 10.0 (VS2010)

time: Sat Sep 23 16:42:19 2017
elapsed time: 1181 seconds (0d 0h 19m 41s)

